<?xml version="1.0" encoding="UTF-8"?>
<!-- Generated by org.testng.reporters.JUnitReportReporter -->
<testsuite hostname="LAPTOP-4CNGAHOS" failures="0" tests="1" name="googleTestScripts.TestGoogleSearchFlow" time="3.092" errors="0" timestamp="2024-09-27T17:11:34 IST" skipped="0">
  <testcase classname="googleTestScripts.TestGoogleSearchFlow" name="testSearchFlow" time="3.092"/>
</testsuite> <!-- googleTestScripts.TestGoogleSearchFlow -->
