<?xml version="1.0" encoding="UTF-8"?>
<!-- Generated by org.testng.reporters.JUnitReportReporter -->
<testsuite hostname="LAPTOP-4CNGAHOS" failures="0" tests="3" name="orangeHrmTestScript.TestPIM" time="59.126" errors="0" timestamp="2024-09-29T11:37:19 IST" skipped="0">
  <testcase classname="orangeHrmTestScript.TestPIM" name="testPIM_Creation" time="21.365"/>
  <testcase classname="orangeHrmTestScript.TestPIM" name="testPIM_Update" time="20.840"/>
  <testcase classname="orangeHrmTestScript.TestPIM" name="testPIM_Delete" time="16.921"/>
</testsuite> <!-- orangeHrmTestScript.TestPIM -->
