<?xml version="1.0" encoding="UTF-8"?>
<!-- Generated by org.testng.reporters.JUnitReportReporter -->
<testsuite hostname="LAPTOP-4CNGAHOS" failures="0" tests="3" name="orangeHrmAnnotations.OrangeHrmPIM" time="46.408" errors="0" timestamp="2024-09-25T19:13:35 IST" skipped="0">
  <testcase classname="orangeHrmAnnotations.OrangeHrmPIM" name="createEmpId" time="18.891"/>
  <testcase classname="orangeHrmAnnotations.OrangeHrmPIM" name="updateEmpId" time="14.922"/>
  <testcase classname="orangeHrmAnnotations.OrangeHrmPIM" name="deleteEmpId" time="12.595"/>
</testsuite> <!-- orangeHrmAnnotations.OrangeHrmPIM -->
