<?xml version="1.0" encoding="UTF-8"?>
<!-- Generated by org.testng.reporters.JUnitReportReporter -->
<testsuite hostname="LAPTOP-4CNGAHOS" failures="0" tests="2" name="JSONPractice.conversinonJSONObject" time="0.018" errors="0" timestamp="2024-11-07T17:53:26 IST" skipped="0">
  <testcase classname="JSONPractice.conversinonJSONObject" name="stringToJSONObject" time="0.009"/>
  <testcase classname="JSONPractice.conversinonJSONObject" name="MapToJSONObjectConversion" time="0.009"/>
</testsuite> <!-- JSONPractice.conversinonJSONObject -->
