<?xml version="1.0" encoding="UTF-8"?>
<!-- Generated by org.testng.reporters.JUnitReportReporter -->
<testsuite hostname="LAPTOP-4CNGAHOS" failures="0" tests="1" name="JSONPractice.storeJSONStrongtoFile" time="0.090" errors="0" timestamp="2024-11-02T22:15:37 IST" skipped="0">
  <testcase classname="JSONPractice.storeJSONStrongtoFile" name="complexJSONArray" time="0.090"/>
</testsuite> <!-- JSONPractice.storeJSONStrongtoFile -->
