<?xml version="1.0" encoding="UTF-8"?>
<!-- Generated by org.testng.reporters.JUnitReportReporter -->
<testsuite hostname="LAPTOP-4CNGAHOS" failures="0" tests="1" name="JSONPractice.JasonArray" time="0.025" errors="0" timestamp="2024-11-02T19:00:11 IST" skipped="0">
  <testcase classname="JSONPractice.JasonArray" name="jsonArray" time="0.025"/>
</testsuite> <!-- JSONPractice.JasonArray -->
