<?xml version="1.0" encoding="UTF-8"?>
<!-- Generated by org.testng.reporters.JUnitReportReporter -->
<testsuite hostname="LAPTOP-4CNGAHOS" failures="0" tests="1" name="JSONPractice.readJSONFile" time="0.024" errors="0" timestamp="2024-11-02T22:38:11 IST" skipped="0">
  <testcase classname="JSONPractice.readJSONFile" name="readEmployeeDetails" time="0.024"/>
</testsuite> <!-- JSONPractice.readJSONFile -->
