<?xml version="1.0" encoding="UTF-8"?>
<!-- Generated by org.testng.reporters.JUnitReportReporter -->
<testsuite hostname="LAPTOP-4CNGAHOS" failures="0" tests="1" name="JSONPractice.jsonStringObject" time="0.018" errors="0" timestamp="2024-11-02T17:33:27 IST" skipped="0">
  <testcase classname="JSONPractice.jsonStringObject" name="jsonObject" time="0.018"/>
</testsuite> <!-- JSONPractice.jsonStringObject -->
