<?xml version="1.0" encoding="UTF-8"?>
<!-- Generated by org.testng.reporters.JUnitReportReporter -->
<testsuite hostname="LAPTOP-4CNGAHOS" failures="0" tests="3" name="JSONPractice.jsonDataTypes" time="0.018" errors="0" timestamp="2024-11-17T19:13:35 IST" skipped="0">
  <testcase classname="JSONPractice.jsonDataTypes" name="jsonString" time="0.003"/>
  <testcase classname="JSONPractice.jsonDataTypes" name="jsonObjectArray" time="0.013"/>
  <testcase classname="JSONPractice.jsonDataTypes" name="jsonstring2" time="0.002"/>
</testsuite> <!-- JSONPractice.jsonDataTypes -->
